###############################################################################
#
# IAR ANSI C/C++ Compiler V8.50.9.278/W32 for ARM         30/Sep/2021  12:14:34
# Copyright 1999-2020 IAR Systems AB.
#
#    Cpu mode             
#    Endian            =  little
#    Source file       =
#        C:\version-control\EDD-LCP_Control\Firmware\LCP_Control\src\bsp\am_bsp_pins.c
#    Command line      =
#        -f C:\Users\casari\AppData\Local\Temp\1\EW2967.tmp
#        (C:\version-control\EDD-LCP_Control\Firmware\LCP_Control\src\bsp\am_bsp_pins.c
#        -D iar -D AM_PART_APOLLO3 -D AM_PACKAGE_BGA -D AM_FREERTOS -D
#        AM_DEBUG_PRINTF -D AM_UTIL_FAULTISR_PRINT -lcN
#        C:\version-control\EDD-LCP_Control\Firmware\LCP_Control\iar\bin
#        --diag_suppress Pa050 -o
#        C:\version-control\EDD-LCP_Control\Firmware\LCP_Control\iar\bin
#        --no_cse --no_unroll --no_inline --no_code_motion --no_tbaa
#        --no_clustering --no_scheduling --debug --endian=little
#        --cpu=Cortex-M4 --no_path_in_file_macros -e --fpu=VFPv4_sp
#        --dlib_config "C:\Program Files (x86)\IAR Systems\Embedded Workbench
#        8.4\arm\inc\c\DLib_Config_Normal.h" -I
#        C:\Tools\Ambiq\AmbiqSuite-R2.5.1\third_party\FreeRTOSv10.1.1\Source\include\\
#        -I C:\Tools\Ambiq\AmbiqSuite-R2.5.1\CMSIS\AmbiqMicro\Include\\ -I
#        C:\Tools\Ambiq\AmbiqSuite-R2.5.1\third_party\FreeRTOSv10.1.1\Source\portable\IAR\AMapollo2\\
#        -I C:\Tools\Ambiq\AmbiqSuite-R2.5.1\\ -I
#        C:\Tools\Ambiq\AmbiqSuite-R2.5.1\devices\\ -I
#        C:\Tools\Ambiq\AmbiqSuite-R2.5.1\utils\\ -I
#        C:\version-control\EDD-LCP_Control\Firmware\LCP_Control\iar\..\src\\
#        -I
#        C:\version-control\EDD-LCP_Control\Firmware\LCP_Control\iar\..\src\RTOS\\
#        -I
#        C:\version-control\EDD-LCP_Control\Firmware\LCP_Control\iar\..\src\artemis\\
#        -I
#        C:\version-control\EDD-LCP_Control\Firmware\LCP_Control\iar\..\src\bsp\\
#        -I C:\Tools\Ambiq\AmbiqSuite-R2.5.1\mcu\apollo3\\ -I
#        C:\Tools\Ambiq\AmbiqSuite-R2.5.1\CMSIS\ARM\Include\\ -I
#        $PROJ_DIR\src\RTOS\\ -I
#        C:\Tools\Ambiq\AmbiqSuite-R2.5.1\mcu\apollo3\hal\\ -Ol)
#    Locale            =  C
#    List file         =
#        C:\version-control\EDD-LCP_Control\Firmware\LCP_Control\iar\bin\am_bsp_pins.lst
#    Object file       =
#        C:\version-control\EDD-LCP_Control\Firmware\LCP_Control\iar\bin\am_bsp_pins.o
#    Runtime model:       
#      __SystemLibrary =  DLib
#      __dlib_version  =  6
#
###############################################################################

C:\version-control\EDD-LCP_Control\Firmware\LCP_Control\src\bsp\am_bsp_pins.c
      1          //*****************************************************************************
      2          //
      3          //  am_bsp_pins.c
      4          //! @file
      5          //!
      6          //! @brief BSP pin configuration definitions.
      7          //!
      8          //! @addtogroup BSP Board Support Package (BSP)
      9          //! @addtogroup apollo3_evb_bsp BSP for the Apollo3 Engineering Board
     10          //! @ingroup BSP
     11          //! @{
     12          //
     13          //*****************************************************************************
     14          
     15          //*****************************************************************************
     16          //
     17          // Copyright (c) 2019, Ambiq Micro
     18          // All rights reserved.
     19          // 
     20          // Redistribution and use in source and binary forms, with or without
     21          // modification, are permitted provided that the following conditions are met:
     22          // 
     23          // 1. Redistributions of source code must retain the above copyright notice,
     24          // this list of conditions and the following disclaimer.
     25          // 
     26          // 2. Redistributions in binary form must reproduce the above copyright
     27          // notice, this list of conditions and the following disclaimer in the
     28          // documentation and/or other materials provided with the distribution.
     29          // 
     30          // 3. Neither the name of the copyright holder nor the names of its
     31          // contributors may be used to endorse or promote products derived from this
     32          // software without specific prior written permission.
     33          // 
     34          // Third party software included in this distribution is subject to the
     35          // additional license terms as defined in the /docs/licenses directory.
     36          // 
     37          // THIS SOFTWARE IS PROVIDED BY THE COPYRIGHT HOLDERS AND CONTRIBUTORS "AS IS"
     38          // AND ANY EXPRESS OR IMPLIED WARRANTIES, INCLUDING, BUT NOT LIMITED TO, THE
     39          // IMPLIED WARRANTIES OF MERCHANTABILITY AND FITNESS FOR A PARTICULAR PURPOSE
     40          // ARE DISCLAIMED. IN NO EVENT SHALL THE COPYRIGHT HOLDER OR CONTRIBUTORS BE
     41          // LIABLE FOR ANY DIRECT, INDIRECT, INCIDENTAL, SPECIAL, EXEMPLARY, OR
     42          // CONSEQUENTIAL DAMAGES (INCLUDING, BUT NOT LIMITED TO, PROCUREMENT OF
     43          // SUBSTITUTE GOODS OR SERVICES; LOSS OF USE, DATA, OR PROFITS; OR BUSINESS
     44          // INTERRUPTION) HOWEVER CAUSED AND ON ANY THEORY OF LIABILITY, WHETHER IN
     45          // CONTRACT, STRICT LIABILITY, OR TORT (INCLUDING NEGLIGENCE OR OTHERWISE)
     46          // ARISING IN ANY WAY OUT OF THE USE OF THIS SOFTWARE, EVEN IF ADVISED OF THE
     47          // POSSIBILITY OF SUCH DAMAGE.
     48          //
     49          // This is part of revision 2.2.0-hotfix-2.2.1 of the AmbiqSuite Development Package.
     50          //
     51          //*****************************************************************************
     52          
     53          #include "am_bsp.h"
     54          
     55          //*****************************************************************************
     56          //
     57          //  LED_GREEN pin: This pin is the Green LED pin (LED1).
     58          //
     59          //*****************************************************************************
     60          const am_hal_gpio_pincfg_t g_AM_BSP_GPIO_LED_GREEN =
     61          {
     62              .uFuncSel            = AM_HAL_PIN_31_GPIO,
     63              .eDriveStrength      = AM_HAL_GPIO_PIN_DRIVESTRENGTH_2MA
     64          };
     65          
     66          //*****************************************************************************
     67          //
     68          //  LED_RED pin: This pin is the Red LED pin (LED2).
     69          //
     70          //*****************************************************************************
     71          const am_hal_gpio_pincfg_t g_AM_BSP_GPIO_LED_RED =
     72          {
     73              .uFuncSel            = AM_HAL_PIN_32_GPIO,
     74              .eDriveStrength      = AM_HAL_GPIO_PIN_DRIVESTRENGTH_2MA
     75          };
     76          
     77          //*****************************************************************************
     78          //
     79          //  LED_BLUE pin: This pin is the Blue LED pin (LED3).
     80          //
     81          //*****************************************************************************
     82          const am_hal_gpio_pincfg_t g_AM_BSP_GPIO_LED_BLUE =
     83          {
     84              .uFuncSel            = AM_HAL_PIN_29_GPIO,
     85              .eDriveStrength      = AM_HAL_GPIO_PIN_DRIVESTRENGTH_2MA
     86          };
     87          
     88          //*****************************************************************************
     89          //
     90          //  SC_NSHDN pin: This pin is the supercapacitor shutdown (negative) pin.
     91          //
     92          //*****************************************************************************
     93          const am_hal_gpio_pincfg_t g_AM_BSP_GPIO_SC_NSHDN =
     94          {
     95          //    .uFuncSel            = AM_HAL_PIN_0_GPIO,
     96          //    .eDriveStrength      = AM_HAL_GPIO_PIN_DRIVESTRENGTH_12MA
     97              .uFuncSel            = AM_HAL_PIN_0_GPIO,
     98              .eGPOutcfg           = AM_HAL_GPIO_PIN_OUTCFG_PUSHPULL,
     99              .eDriveStrength      = AM_HAL_GPIO_PIN_DRIVESTRENGTH_2MA
    100          };
    101          
    102          //*****************************************************************************
    103          //
    104          //  SC_PGOOD pin: This pin is the supercapacitor power-good pin.
    105          //
    106          //*****************************************************************************
    107          const am_hal_gpio_pincfg_t g_AM_BSP_GPIO_SC_PGOOD =
    108          {
    109              .uFuncSel            = AM_HAL_PIN_28_GPIO,
    110              .eGPOutcfg           = AM_HAL_GPIO_PIN_OUTCFG_OPENDRAIN,
    111              .eDriveStrength      = AM_HAL_GPIO_PIN_DRIVESTRENGTH_2MA,
    112              .eGPInput            = AM_HAL_GPIO_PIN_INPUT_ENABLE
    113          };
    114          
    115          //*****************************************************************************
    116          //
    117          //  SC_ON pin: This pin is the supercapacitor on pin.
    118          //
    119          //*****************************************************************************
    120          const am_hal_gpio_pincfg_t g_AM_BSP_GPIO_SC_ON =
    121          {
    122          //    .uFuncSel            = AM_HAL_PIN_1_GPIO,
    123          ////    .eGPOutcfg           = AM_HAL_GPIO_PIN_OUTCFG_OPENDRAIN,
    124          //    .eDriveStrength      = AM_HAL_GPIO_PIN_DRIVESTRENGTH_12MA
    125              .uFuncSel            = AM_HAL_PIN_1_GPIO,
    126              .eGPOutcfg           = AM_HAL_GPIO_PIN_OUTCFG_PUSHPULL,
    127              .eDriveStrength      = AM_HAL_GPIO_PIN_DRIVESTRENGTH_2MA
    128          };
    129          
    130          //*****************************************************************************
    131          //
    132          //  CONSOLE_UART_TX pin: This pin is the Console UART transmit pin.
    133          //
    134          //*****************************************************************************
    135          const am_hal_gpio_pincfg_t g_AM_BSP_GPIO_CONSOLE_UART_TX =
    136          {
    137              .uFuncSel            = AM_HAL_PIN_48_UART0TX,
    138              .eDriveStrength      = AM_HAL_GPIO_PIN_DRIVESTRENGTH_2MA
    139          };
    140          
    141          //*****************************************************************************
    142          //
    143          //  CONSOLE_UART_RX pin: This pin is the Console UART receive pin.
    144          //
    145          //*****************************************************************************
    146          const am_hal_gpio_pincfg_t g_AM_BSP_GPIO_CONSOLE_UART_RX =
    147          {
    148              .uFuncSel            = AM_HAL_PIN_49_UART0RX
    149          };
    150          
    151          //*****************************************************************************
    152          //
    153          //  IRIDIUM_ON pin: This pin is the Iridium Module Power pin.
    154          //
    155          //*****************************************************************************
    156          const am_hal_gpio_pincfg_t g_AM_BSP_GPIO_IRIDIUM_ON =
    157          {
    158              .uFuncSel            = AM_HAL_PIN_4_GPIO,
    159              .eDriveStrength      = AM_HAL_GPIO_PIN_DRIVESTRENGTH_2MA
    160          };
    161          
    162          //*****************************************************************************
    163          //
    164          //  IRIDIUM_RING_IND pin: This pin is the Iridium Ring Indicator pin.
    165          //
    166          //*****************************************************************************
    167          const am_hal_gpio_pincfg_t g_AM_BSP_GPIO_IRIDIUM_RING_IND =
    168          {
    169              .uFuncSel            = AM_HAL_PIN_22_GPIO,
    170              .eDriveStrength      = AM_HAL_GPIO_PIN_DRIVESTRENGTH_2MA,
    171              .eGPInput            = AM_HAL_GPIO_PIN_INPUT_ENABLE
    172          };
    173          
    174          //*****************************************************************************
    175          //
    176          //  IRIDIUM_NET_AVAIL pin: This pin is the Iridium Network Available pin.
    177          //
    178          //*****************************************************************************
    179          const am_hal_gpio_pincfg_t g_AM_BSP_GPIO_IRIDIUM_NET_AVAIL =
    180          {
    181              .uFuncSel            = AM_HAL_PIN_24_GPIO,
    182              .eDriveStrength      = AM_HAL_GPIO_PIN_DRIVESTRENGTH_2MA,
    183              .eGPInput            = AM_HAL_GPIO_PIN_INPUT_ENABLE
    184          };
    185          
    186          //*****************************************************************************
    187          //
    188          //  IRIDIUM_UART_TX pin: This pin is the Console UART transmit pin.
    189          //
    190          //*****************************************************************************
    191          const am_hal_gpio_pincfg_t g_AM_BSP_GPIO_IRIDIUM_UART_TX =
    192          {
    193              .uFuncSel            = AM_HAL_PIN_14_UART1TX,
    194              .eDriveStrength      = AM_HAL_GPIO_PIN_DRIVESTRENGTH_2MA
    195          };
    196          
    197          //*****************************************************************************
    198          //
    199          //  IRIDIUM_UART_RX pin: This pin is the Console UART receive pin.
    200          //
    201          //*****************************************************************************
    202          const am_hal_gpio_pincfg_t g_AM_BSP_GPIO_IRIDIUM_UART_RX =
    203          {
    204              .uFuncSel            = AM_HAL_PIN_15_UART1RX
    205          };
    206          
    207          //*****************************************************************************
    208          //
    209          //  GPS_ON pin: This pin is the GPS Module Power pin.
    210          //
    211          //*****************************************************************************
    212          const am_hal_gpio_pincfg_t g_AM_BSP_GPIO_GPS_ON =
    213          {
    214              .uFuncSel            = AM_HAL_PIN_26_GPIO,
    215              .eDriveStrength      = AM_HAL_GPIO_PIN_DRIVESTRENGTH_2MA
    216          };
    217          
    218          //*****************************************************************************
    219          //
    220          //  GPS_EXTINT pin: This pin is the GPS Interrupt pin.
    221          //
    222          //*****************************************************************************
    223          const am_hal_gpio_pincfg_t g_AM_BSP_GPIO_GPS_EXTINT =
    224          {
    225              .uFuncSel            = AM_HAL_PIN_10_GPIO,
    226              .eDriveStrength      = AM_HAL_GPIO_PIN_DRIVESTRENGTH_2MA
    227          };
    228          
    229          //*****************************************************************************
    230          //
    231          //  ACCEL_INT pin: This pin is the Accelerometer Interrupt pin.
    232          //
    233          //*****************************************************************************
    234          const am_hal_gpio_pincfg_t g_AM_BSP_GPIO_ACCEL_INT =
    235          {
    236              .uFuncSel            = AM_HAL_PIN_37_GPIO,
    237              .eGPInput            = AM_HAL_GPIO_PIN_INPUT_ENABLE
    238          };
    239          
    240          //*****************************************************************************
    241          //
    242          //  ACCEL_SPI_CS pin: This pin is the Accelerometer SPI Chip Select pin.
    243          //
    244          //*****************************************************************************
    245          //const am_hal_gpio_pincfg_t g_AM_BSP_GPIO_ACCEL_SPI_CS =
    246          //{
    247          //    .uFuncSel            = AM_HAL_PIN_36_GPIO,
    248          //    .eDriveStrength      = AM_HAL_GPIO_PIN_DRIVESTRENGTH_2MA,
    249          //    .uIOMnum             = 0,
    250          //    .uNCE                = 0,
    251          //    .eCEpol              = AM_HAL_GPIO_PIN_CEPOL_ACTIVELOW
    252          //};
    253          
    254          //*****************************************************************************
    255          //
    256          //  PRES_ON pin: This pin is the Pressure Sensor Power pin.
    257          //
    258          //*****************************************************************************
    259          const am_hal_gpio_pincfg_t g_AM_BSP_GPIO_PRES_ON =
    260          {
    261              .uFuncSel            = AM_HAL_PIN_44_GPIO,
    262              .eGPOutcfg           = AM_HAL_GPIO_PIN_OUTCFG_OPENDRAIN,
    263              .eDriveStrength      = AM_HAL_GPIO_PIN_DRIVESTRENGTH_2MA
    264          };
    265          
    266          //*****************************************************************************
    267          //
    268          //  S2U_ON pin: This pin is the SPI-to-UART Power pin.
    269          //
    270          //*****************************************************************************
    271          const am_hal_gpio_pincfg_t g_AM_BSP_GPIO_S2U_ON =
    272          {
    273              .uFuncSel            = AM_HAL_PIN_45_GPIO,
    274              .eGPOutcfg           = AM_HAL_GPIO_PIN_OUTCFG_OPENDRAIN,
    275              .eDriveStrength      = AM_HAL_GPIO_PIN_DRIVESTRENGTH_2MA
    276          };
    277          
    278          //*****************************************************************************
    279          //
    280          //  S2U_NRESET pin: This pin is the SPI-to-UART Reset pin.
    281          //
    282          //*****************************************************************************
    283          const am_hal_gpio_pincfg_t g_AM_BSP_GPIO_S2U_NRESET =
    284          {
    285              .uFuncSel            = AM_HAL_PIN_19_GPIO,
    286              .eGPOutcfg           = AM_HAL_GPIO_PIN_OUTCFG_PUSHPULL,
    287              .eDriveStrength      = AM_HAL_GPIO_PIN_DRIVESTRENGTH_2MA,
    288          };
    289          
    290          //*****************************************************************************
    291          //
    292          //  S2U_NIRQ pin: This pin is the SPI-to-UART Interrupt pin.
    293          //
    294          //*****************************************************************************
    295          const am_hal_gpio_pincfg_t g_AM_BSP_GPIO_S2U_NIRQ =
    296          {
    297              .uFuncSel            = AM_HAL_PIN_18_GPIO,
    298              .eDriveStrength      = AM_HAL_GPIO_PIN_DRIVESTRENGTH_2MA,
    299              .eGPInput            = AM_HAL_GPIO_PIN_INPUT_ENABLE,
    300              .eGPRdZero           = AM_HAL_GPIO_PIN_RDZERO_ZERO
    301          };
    302          
    303          //*****************************************************************************
    304          //
    305          //  COM0_POWER_PIN pin: This pin is the COM0 Power pin.
    306          //
    307          //*****************************************************************************
    308          const am_hal_gpio_pincfg_t g_AM_BSP_GPIO_COM0_POWER_PIN =
    309          {
    310              .uFuncSel            = AM_HAL_PIN_11_GPIO,
    311              .eDriveStrength      = AM_HAL_GPIO_PIN_DRIVESTRENGTH_12MA,
    312              .eGPOutcfg           = AM_HAL_GPIO_PIN_OUTCFG_OPENDRAIN
    313          };
    314          
    315          //*****************************************************************************
    316          //
    317          //  COM1_POWER_PIN pin: This pin is the COM0 Power pin.
    318          //
    319          //*****************************************************************************
    320          const am_hal_gpio_pincfg_t g_AM_BSP_GPIO_COM1_POWER_PIN =
    321          {
    322              .uFuncSel            = AM_HAL_PIN_12_GPIO,
    323              .eDriveStrength      = AM_HAL_GPIO_PIN_DRIVESTRENGTH_2MA,
    324              .eGPOutcfg           = AM_HAL_GPIO_PIN_OUTCFG_OPENDRAIN
    325          };
    326          
    327          //*****************************************************************************
    328          //
    329          //  COM2_POWER_PIN pin: This pin is the COM0 Power pin.
    330          //
    331          //*****************************************************************************
    332          const am_hal_gpio_pincfg_t g_AM_BSP_GPIO_COM2_POWER_PIN =
    333          {
    334              .uFuncSel            = AM_HAL_PIN_13_GPIO,
    335              .eDriveStrength      = AM_HAL_GPIO_PIN_DRIVESTRENGTH_2MA,
    336              .eGPOutcfg           = AM_HAL_GPIO_PIN_OUTCFG_OPENDRAIN
    337          };
    338          
    339          //*****************************************************************************
    340          //
    341          //  COM3_POWER_PIN pin: This pin is the COM0 Power pin.
    342          //
    343          //*****************************************************************************
    344          const am_hal_gpio_pincfg_t g_AM_BSP_GPIO_COM3_POWER_PIN =
    345          {
    346              .uFuncSel            = AM_HAL_PIN_34_GPIO,
    347              .eDriveStrength      = AM_HAL_GPIO_PIN_DRIVESTRENGTH_2MA,
    348              .eGPOutcfg           = AM_HAL_GPIO_PIN_OUTCFG_OPENDRAIN
    349          };
    350          
    351          //*****************************************************************************
    352          //
    353          //  BUS_VOLT_ENABLE pin: This pin is the Bus Voltage Enable pin.
    354          //
    355          //*****************************************************************************
    356          const am_hal_gpio_pincfg_t g_AM_BSP_GPIO_BUS_VOLT_ENABLE =
    357          {
    358              .uFuncSel            = AM_HAL_PIN_23_GPIO,
    359              .eDriveStrength      = AM_HAL_GPIO_PIN_DRIVESTRENGTH_2MA
    360          };
    361          
    362          //*****************************************************************************
    363          //
    364          //  BUS_VOLTAGE pin: This pin is the Bus Voltage Enable pin.
    365          //
    366          //*****************************************************************************
    367          const am_hal_gpio_pincfg_t g_AM_BSP_GPIO_BUS_VOLTAGE =
    368          {
    369              .uFuncSel            = AM_HAL_PIN_35_ADCSE7
    370          };
    371          
    372          //*****************************************************************************
    373          //
    374          //  PWR_CTRL_EN pin: This pin is the Power Control (Piston) Enable pin.
    375          //
    376          //*****************************************************************************
    377          const am_hal_gpio_pincfg_t g_AM_BSP_GPIO_PWR_CTRL_EN =
    378          {
    379              .uFuncSel            = AM_HAL_PIN_2_GPIO,
    380              .eDriveStrength      = AM_HAL_GPIO_PIN_DRIVESTRENGTH_2MA
    381          };
    382          
    383          //*****************************************************************************
    384          //
    385          //  IOM0_CS pin: I/O Master 0 chip select.
    386          //
    387          //*****************************************************************************
    388          const am_hal_gpio_pincfg_t g_AM_BSP_GPIO_IOM0_CS =
    389          {
    390              .uFuncSel            = AM_HAL_PIN_11_NCE11,
    391              .eDriveStrength      = AM_HAL_GPIO_PIN_DRIVESTRENGTH_12MA,
    392              .eGPOutcfg           = AM_HAL_GPIO_PIN_OUTCFG_PUSHPULL,
    393              .eGPInput            = AM_HAL_GPIO_PIN_INPUT_NONE,
    394              .eIntDir             = AM_HAL_GPIO_PIN_INTDIR_LO2HI,
    395              .uIOMnum             = 0,
    396              .uNCE                = 0,
    397              .eCEpol              = AM_HAL_GPIO_PIN_CEPOL_ACTIVELOW
    398          };
    399          
    400          //*****************************************************************************
    401          //
    402          //  IOM0_CS3 pin: I/O Master 0 chip select.
    403          //
    404          //*****************************************************************************
    405          const am_hal_gpio_pincfg_t g_AM_BSP_GPIO_IOM0_CS3 =
    406          {
    407              .uFuncSel            = AM_HAL_PIN_15_NCE15,
    408              .eDriveStrength      = AM_HAL_GPIO_PIN_DRIVESTRENGTH_12MA,
    409              .eGPOutcfg           = AM_HAL_GPIO_PIN_OUTCFG_PUSHPULL,
    410              .eGPInput            = AM_HAL_GPIO_PIN_INPUT_NONE,
    411              .eIntDir             = AM_HAL_GPIO_PIN_INTDIR_LO2HI,
    412              .uIOMnum             = 0,
    413              .uNCE                = 3,
    414              .eCEpol              = AM_HAL_GPIO_PIN_CEPOL_ACTIVELOW
    415          };
    416          
    417          //*****************************************************************************
    418          //
    419          //  IOM0_MISO pin: I/O Master 0 SPI MISO signal.
    420          //
    421          //*****************************************************************************
    422          const am_hal_gpio_pincfg_t g_AM_BSP_GPIO_IOM0_MISO =
    423          {
    424              .uFuncSel            = AM_HAL_PIN_6_M0MISO,
    425              .uIOMnum             = 0
    426          };
    427          
    428          //*****************************************************************************
    429          //
    430          //  IOM0_MOSI pin: I/O Master 0 SPI MOSI signal.
    431          //
    432          //*****************************************************************************
    433          const am_hal_gpio_pincfg_t g_AM_BSP_GPIO_IOM0_MOSI =
    434          {
    435              .uFuncSel            = AM_HAL_PIN_7_M0MOSI,
    436              .eDriveStrength      = AM_HAL_GPIO_PIN_DRIVESTRENGTH_12MA,
    437              .uIOMnum             = 0
    438          };
    439          
    440          //*****************************************************************************
    441          //
    442          //  IOM0_SCK pin: I/O Master 0 SPI SCK signal.
    443          //
    444          //*****************************************************************************
    445          const am_hal_gpio_pincfg_t g_AM_BSP_GPIO_IOM0_SCK =
    446          {
    447              .uFuncSel            = AM_HAL_PIN_5_M0SCK,
    448              .eDriveStrength      = AM_HAL_GPIO_PIN_DRIVESTRENGTH_12MA,
    449              .uIOMnum             = 0
    450          };
    451          
    452          //*****************************************************************************
    453          //
    454          //  IOM0_SCL pin: I/O Master 0 I2C clock signal.
    455          //
    456          //*****************************************************************************
    457          const am_hal_gpio_pincfg_t g_AM_BSP_GPIO_IOM0_SCL =
    458          {
    459              .uFuncSel            = AM_HAL_PIN_5_M0SCL,
    460              .ePullup             = AM_HAL_GPIO_PIN_PULLUP_1_5K,
    461              .eDriveStrength      = AM_HAL_GPIO_PIN_DRIVESTRENGTH_12MA,
    462              .eGPOutcfg           = AM_HAL_GPIO_PIN_OUTCFG_OPENDRAIN,
    463              .uIOMnum             = 0
    464          };
    465          
    466          //*****************************************************************************
    467          //
    468          //  IOM0_SDA pin: I/O Master 0 I2C data signal.
    469          //
    470          //*****************************************************************************
    471          const am_hal_gpio_pincfg_t g_AM_BSP_GPIO_IOM0_SDA =
    472          {
    473              .uFuncSel            = AM_HAL_PIN_6_M0SDAWIR3,
    474              .ePullup             = AM_HAL_GPIO_PIN_PULLUP_1_5K,
    475              .eDriveStrength      = AM_HAL_GPIO_PIN_DRIVESTRENGTH_12MA,
    476              .eGPOutcfg           = AM_HAL_GPIO_PIN_OUTCFG_OPENDRAIN,
    477              .uIOMnum             = 0
    478          };
    479          
    480          //*****************************************************************************
    481          //
    482          //  IOM1_CS pin: I/O Master 1 chip select.
    483          //
    484          //*****************************************************************************
    485          const am_hal_gpio_pincfg_t g_AM_BSP_GPIO_IOM1_CS =
    486          {
    487              .uFuncSel            = AM_HAL_PIN_14_NCE14,
    488              .eDriveStrength      = AM_HAL_GPIO_PIN_DRIVESTRENGTH_12MA,
    489              .eGPOutcfg           = AM_HAL_GPIO_PIN_OUTCFG_PUSHPULL,
    490              .eGPInput            = AM_HAL_GPIO_PIN_INPUT_NONE,
    491              .eIntDir             = AM_HAL_GPIO_PIN_INTDIR_LO2HI,
    492              .uIOMnum             = 1,
    493              .uNCE                = 2,
    494              .eCEpol              = AM_HAL_GPIO_PIN_CEPOL_ACTIVELOW
    495          };
    496          
    497          //*****************************************************************************
    498          //
    499          //  IOM1_MISO pin: I/O Master 1 SPI MISO signal.
    500          //
    501          //*****************************************************************************
    502          const am_hal_gpio_pincfg_t g_AM_BSP_GPIO_IOM1_MISO =
    503          {
    504              .uFuncSel            = AM_HAL_PIN_9_M1MISO,
    505              .uIOMnum             = 1
    506          };
    507          
    508          //*****************************************************************************
    509          //
    510          //  IOM1_MOSI pin: I/O Master 1 SPI MOSI signal.
    511          //
    512          //*****************************************************************************
    513          const am_hal_gpio_pincfg_t g_AM_BSP_GPIO_IOM1_MOSI =
    514          {
    515              .uFuncSel            = AM_HAL_PIN_10_M1MOSI,
    516              .eDriveStrength      = AM_HAL_GPIO_PIN_DRIVESTRENGTH_12MA,
    517              .uIOMnum             = 1
    518          };
    519          
    520          //*****************************************************************************
    521          //
    522          //  IOM1_SCK pin: I/O Master 1 SPI SCK signal.
    523          //
    524          //*****************************************************************************
    525          const am_hal_gpio_pincfg_t g_AM_BSP_GPIO_IOM1_SCK =
    526          {
    527              .uFuncSel            = AM_HAL_PIN_8_M1SCK,
    528              .eDriveStrength      = AM_HAL_GPIO_PIN_DRIVESTRENGTH_12MA,
    529              .uIOMnum             = 1
    530          };
    531          
    532          //*****************************************************************************
    533          //
    534          //  IOM1_SCL pin: I/O Master 1 I2C clock signal.
    535          //
    536          //*****************************************************************************
    537          const am_hal_gpio_pincfg_t g_AM_BSP_GPIO_IOM1_SCL =
    538          {
    539              .uFuncSel            = AM_HAL_PIN_8_M1SCL,
    540              .ePullup             = AM_HAL_GPIO_PIN_PULLUP_1_5K,
    541              .eDriveStrength      = AM_HAL_GPIO_PIN_DRIVESTRENGTH_12MA,
    542              .eGPOutcfg           = AM_HAL_GPIO_PIN_OUTCFG_OPENDRAIN,
    543              .uIOMnum             = 1
    544          };
    545          
    546          //*****************************************************************************
    547          //
    548          //  IOM1_SDA pin: I/O Master 1 I2C data signal.
    549          //
    550          //*****************************************************************************
    551          const am_hal_gpio_pincfg_t g_AM_BSP_GPIO_IOM1_SDA =
    552          {
    553              .uFuncSel            = AM_HAL_PIN_9_M1SDAWIR3,
    554              .ePullup             = AM_HAL_GPIO_PIN_PULLUP_1_5K,
    555              .eDriveStrength      = AM_HAL_GPIO_PIN_DRIVESTRENGTH_12MA,
    556              .eGPOutcfg           = AM_HAL_GPIO_PIN_OUTCFG_OPENDRAIN,
    557              .uIOMnum             = 1
    558          };
    559          
    560          //*****************************************************************************
    561          //
    562          //  IOM2_CS pin: I/O Master 2 chip select.
    563          //
    564          //*****************************************************************************
    565          const am_hal_gpio_pincfg_t g_AM_BSP_GPIO_IOM2_CS =
    566          {
    567              .uFuncSel            = AM_HAL_PIN_15_NCE15,
    568              .eDriveStrength      = AM_HAL_GPIO_PIN_DRIVESTRENGTH_12MA,
    569              .eGPOutcfg           = AM_HAL_GPIO_PIN_OUTCFG_PUSHPULL,
    570              .eGPInput            = AM_HAL_GPIO_PIN_INPUT_NONE,
    571              .eIntDir             = AM_HAL_GPIO_PIN_INTDIR_LO2HI,
    572              .uIOMnum             = 2,
    573              .uNCE                = 3,
    574              .eCEpol              = AM_HAL_GPIO_PIN_CEPOL_ACTIVELOW
    575          };
    576          
    577          //*****************************************************************************
    578          //
    579          //  IOM2_MISO pin: I/O Master 2 SPI MISO signal.
    580          //
    581          //*****************************************************************************
    582          const am_hal_gpio_pincfg_t g_AM_BSP_GPIO_IOM2_MISO =
    583          {
    584              .uFuncSel            = AM_HAL_PIN_25_M2MISO,
    585              .uIOMnum             = 2
    586          };
    587          
    588          //*****************************************************************************
    589          //
    590          //  IOM2_MOSI pin: I/O Master 2 SPI MOSI signal.
    591          //
    592          //*****************************************************************************
    593          const am_hal_gpio_pincfg_t g_AM_BSP_GPIO_IOM2_MOSI =
    594          {
    595              .uFuncSel            = AM_HAL_PIN_28_M2MOSI,
    596              .eDriveStrength      = AM_HAL_GPIO_PIN_DRIVESTRENGTH_12MA,
    597              .uIOMnum             = 2
    598          };
    599          
    600          //*****************************************************************************
    601          //
    602          //  IOM2_SCK pin: I/O Master 2 SPI SCK signal.
    603          //
    604          //*****************************************************************************
    605          const am_hal_gpio_pincfg_t g_AM_BSP_GPIO_IOM2_SCK =
    606          {
    607              .uFuncSel            = AM_HAL_PIN_27_M2SCK,
    608              .eDriveStrength      = AM_HAL_GPIO_PIN_DRIVESTRENGTH_12MA,
    609              .uIOMnum             = 2
    610          };
    611          
    612          //*****************************************************************************
    613          //
    614          //  IOM2_SCL pin: I/O Master 2 I2C clock signal.
    615          //
    616          //*****************************************************************************
    617          const am_hal_gpio_pincfg_t g_AM_BSP_GPIO_IOM2_SCL =
    618          {
    619              .uFuncSel            = AM_HAL_PIN_27_M2SCL,
    620              .ePullup             = AM_HAL_GPIO_PIN_PULLUP_1_5K,
    621              .eDriveStrength      = AM_HAL_GPIO_PIN_DRIVESTRENGTH_12MA,
    622              .eGPOutcfg           = AM_HAL_GPIO_PIN_OUTCFG_OPENDRAIN,
    623              .uIOMnum             = 2
    624          };
    625          
    626          //*****************************************************************************
    627          //
    628          //  IOM2_SDA pin: I/O Master 2 I2C data signal.
    629          //
    630          //*****************************************************************************
    631          const am_hal_gpio_pincfg_t g_AM_BSP_GPIO_IOM2_SDA =
    632          {
    633              .uFuncSel            = AM_HAL_PIN_25_M2SDAWIR3,
    634              .ePullup             = AM_HAL_GPIO_PIN_PULLUP_1_5K,
    635              .eDriveStrength      = AM_HAL_GPIO_PIN_DRIVESTRENGTH_12MA,
    636              .eGPOutcfg           = AM_HAL_GPIO_PIN_OUTCFG_OPENDRAIN,
    637              .uIOMnum             = 2
    638          };
    639          
    640          //*****************************************************************************
    641          //
    642          //  IOM3_CS pin: I/O Master 3 chip select.
    643          //
    644          //*****************************************************************************
    645          //const am_hal_gpio_pincfg_t g_AM_BSP_GPIO_IOM3_CS =
    646          //{
    647          //    .uFuncSel            = AM_HAL_PIN_36_NCE36,
    648          //    .eDriveStrength      = AM_HAL_GPIO_PIN_DRIVESTRENGTH_12MA,
    649          //    .eGPOutcfg           = AM_HAL_GPIO_PIN_OUTCFG_PUSHPULL,
    650          //    .eGPInput            = AM_HAL_GPIO_PIN_INPUT_NONE,
    651          //    .eIntDir             = AM_HAL_GPIO_PIN_INTDIR_LO2HI,
    652          //    .uIOMnum             = 3,
    653          //    .uNCE                = 1,
    654          //    .eCEpol              = AM_HAL_GPIO_PIN_CEPOL_ACTIVELOW
    655          //};
    656          const am_hal_gpio_pincfg_t g_AM_BSP_GPIO_IOM3_CS =
    657          {
    658              .uFuncSel            = AM_HAL_PIN_36_NCE36,
    659              .eDriveStrength      = AM_HAL_GPIO_PIN_DRIVESTRENGTH_12MA,
    660              .eGPOutcfg           = AM_HAL_GPIO_PIN_OUTCFG_PUSHPULL,
    661              .eGPInput            = AM_HAL_GPIO_PIN_INPUT_NONE,
    662              .eIntDir             = AM_HAL_GPIO_PIN_INTDIR_LO2HI,
    663              .uIOMnum             = 3,
    664              .uNCE                = 1,
    665              .eCEpol              = AM_HAL_GPIO_PIN_CEPOL_ACTIVELOW
    666          };
    667          
    668          //*****************************************************************************
    669          //
    670          //  IOM3_MISO pin: I/O Master 3 SPI MISO signal.
    671          //
    672          //*****************************************************************************
    673          //const am_hal_gpio_pincfg_t g_AM_BSP_GPIO_IOM3_MISO =
    674          //{
    675          //    .uFuncSel            = AM_HAL_PIN_43_M3MISO,
    676          //    .ePullup             = AM_HAL_GPIO_PIN_PULLUP_24K,
    677          //    .uIOMnum             = 3
    678          //};
    679          const am_hal_gpio_pincfg_t g_AM_BSP_GPIO_IOM3_MISO =
    680          {
    681              .uFuncSel            = AM_HAL_PIN_43_M3MISO,
    682              .uIOMnum             = 3
    683          };
    684          //*****************************************************************************
    685          //
    686          //  IOM3_MOSI pin: I/O Master 3 SPI MOSI signal.
    687          //
    688          //*****************************************************************************
    689          //const am_hal_gpio_pincfg_t g_AM_BSP_GPIO_IOM3_MOSI =
    690          //{
    691          //    .uFuncSel            = AM_HAL_PIN_38_M3MOSI,
    692          ////    .ePullup             = AM_HAL_GPIO_PIN_PULLUP_6K,
    693          //    .eDriveStrength      = AM_HAL_GPIO_PIN_DRIVESTRENGTH_12MA,
    694          //    .uIOMnum             = 3
    695          //};
    696          const am_hal_gpio_pincfg_t g_AM_BSP_GPIO_IOM3_MOSI =
    697          {
    698              .uFuncSel            = AM_HAL_PIN_38_M3MOSI,
    699              .eDriveStrength      = AM_HAL_GPIO_PIN_DRIVESTRENGTH_12MA,
    700              .uIOMnum             = 3
    701          };
    702          
    703          //*****************************************************************************
    704          //
    705          //  IOM3_SCK pin: I/O Master 3 SPI SCK signal.
    706          //
    707          //*****************************************************************************
    708          //const am_hal_gpio_pincfg_t g_AM_BSP_GPIO_IOM3_SCK =
    709          //{
    710          //    .uFuncSel            = AM_HAL_PIN_42_M3SCK,
    711          //    .ePullup             = AM_HAL_GPIO_PIN_PULLUP_6K,
    712          //    .eDriveStrength      = AM_HAL_GPIO_PIN_DRIVESTRENGTH_12MA,
    713          //    .uIOMnum             = 3
    714          //};
    715          const am_hal_gpio_pincfg_t g_AM_BSP_GPIO_IOM3_SCK =
    716          {
    717              .uFuncSel            = AM_HAL_PIN_42_M3SCK,
    718              .eDriveStrength      = AM_HAL_GPIO_PIN_DRIVESTRENGTH_12MA,
    719              .uIOMnum             = 3
    720          };
    721          //*****************************************************************************
    722          //
    723          //  IOM3_SCL pin: I/O Master 3 I2C clock signal.
    724          //
    725          //*****************************************************************************
    726          const am_hal_gpio_pincfg_t g_AM_BSP_GPIO_IOM3_SCL =
    727          {
    728              .uFuncSel            = AM_HAL_PIN_42_M3SCL,
    729              .ePullup             = AM_HAL_GPIO_PIN_PULLUP_1_5K,
    730              .eDriveStrength      = AM_HAL_GPIO_PIN_DRIVESTRENGTH_12MA,
    731              .eGPOutcfg           = AM_HAL_GPIO_PIN_OUTCFG_OPENDRAIN,
    732              .uIOMnum             = 3
    733          };
    734          
    735          //*****************************************************************************
    736          //
    737          //  IOM3_SDA pin: I/O Master 3 I2C data signal.
    738          //
    739          //*****************************************************************************
    740          const am_hal_gpio_pincfg_t g_AM_BSP_GPIO_IOM3_SDA =
    741          {
    742              .uFuncSel            = AM_HAL_PIN_43_M3SDAWIR3,
    743              .ePullup             = AM_HAL_GPIO_PIN_PULLUP_1_5K,
    744              .eDriveStrength      = AM_HAL_GPIO_PIN_DRIVESTRENGTH_12MA,
    745              .eGPOutcfg           = AM_HAL_GPIO_PIN_OUTCFG_OPENDRAIN,
    746              .uIOMnum             = 3
    747          };
    748          
    749          //*****************************************************************************
    750          //
    751          //  IOM4_CS pin: I/O Master 4 chip select.
    752          //
    753          //*****************************************************************************
    754          const am_hal_gpio_pincfg_t g_AM_BSP_GPIO_IOM4_CS =
    755          {
    756              .uFuncSel            = AM_HAL_PIN_13_NCE13,
    757              .eDriveStrength      = AM_HAL_GPIO_PIN_DRIVESTRENGTH_12MA,
    758              .eGPOutcfg           = AM_HAL_GPIO_PIN_OUTCFG_PUSHPULL,
    759              .eGPInput            = AM_HAL_GPIO_PIN_INPUT_NONE,
    760              .eIntDir             = AM_HAL_GPIO_PIN_INTDIR_LO2HI,
    761              .uIOMnum             = 4,
    762              .uNCE                = 1,
    763              .eCEpol              = AM_HAL_GPIO_PIN_CEPOL_ACTIVELOW
    764          };
    765          
    766          //*****************************************************************************
    767          //
    768          //  IOM4_MISO pin: I/O Master 4 SPI MISO signal.
    769          //
    770          //*****************************************************************************
    771          const am_hal_gpio_pincfg_t g_AM_BSP_GPIO_IOM4_MISO =
    772          {
    773              .uFuncSel            = AM_HAL_PIN_40_M4MISO,
    774              .uIOMnum             = 4
    775          };
    776          
    777          //*****************************************************************************
    778          //
    779          //  IOM4_MOSI pin: I/O Master 4 SPI MOSI signal.
    780          //
    781          //*****************************************************************************
    782          const am_hal_gpio_pincfg_t g_AM_BSP_GPIO_IOM4_MOSI =
    783          {
    784              .uFuncSel            = AM_HAL_PIN_44_M4MOSI,
    785              .eDriveStrength      = AM_HAL_GPIO_PIN_DRIVESTRENGTH_12MA,
    786              .uIOMnum             = 4
    787          };
    788          
    789          //*****************************************************************************
    790          //
    791          //  IOM4_SCK pin: I/O Master 4 SPI SCK signal.
    792          //
    793          //*****************************************************************************
    794          const am_hal_gpio_pincfg_t g_AM_BSP_GPIO_IOM4_SCK =
    795          {
    796              .uFuncSel            = AM_HAL_PIN_39_M4SCK,
    797              .eDriveStrength      = AM_HAL_GPIO_PIN_DRIVESTRENGTH_12MA,
    798              .uIOMnum             = 4
    799          };
    800          
    801          //*****************************************************************************
    802          //
    803          //  IOM4_SCL pin: I/O Master 4 I2C clock signal.
    804          //
    805          //*****************************************************************************
    806          const am_hal_gpio_pincfg_t g_AM_BSP_GPIO_IOM4_SCL =
    807          {
    808              .uFuncSel            = AM_HAL_PIN_39_M4SCL,
    809              .ePullup             = AM_HAL_GPIO_PIN_PULLUP_1_5K,
    810              .eDriveStrength      = AM_HAL_GPIO_PIN_DRIVESTRENGTH_12MA,
    811              .eGPOutcfg           = AM_HAL_GPIO_PIN_OUTCFG_OPENDRAIN,
    812              .uIOMnum             = 4
    813          };
    814          
    815          //*****************************************************************************
    816          //
    817          //  IOM4_SDA pin: I/O Master 4 I2C data signal.
    818          //
    819          //*****************************************************************************
    820          const am_hal_gpio_pincfg_t g_AM_BSP_GPIO_IOM4_SDA =
    821          {
    822              .uFuncSel            = AM_HAL_PIN_40_M4SDAWIR3,
    823              .ePullup             = AM_HAL_GPIO_PIN_PULLUP_1_5K,
    824              .eDriveStrength      = AM_HAL_GPIO_PIN_DRIVESTRENGTH_2MA,
    825              .eGPOutcfg           = AM_HAL_GPIO_PIN_OUTCFG_OPENDRAIN,
    826              .uIOMnum             = 4
    827          };
    828          
    829          //*****************************************************************************
    830          //
    831          //  IOM5_CS pin: I/O Master 5 chip select.
    832          //
    833          //*****************************************************************************
    834          const am_hal_gpio_pincfg_t g_AM_BSP_GPIO_IOM5_CS =
    835          {
    836              .uFuncSel            = AM_HAL_PIN_16_NCE16,
    837              .eDriveStrength      = AM_HAL_GPIO_PIN_DRIVESTRENGTH_12MA,
    838              .eGPOutcfg           = AM_HAL_GPIO_PIN_OUTCFG_PUSHPULL,
    839              .eGPInput            = AM_HAL_GPIO_PIN_INPUT_NONE,
    840              .eIntDir             = AM_HAL_GPIO_PIN_INTDIR_LO2HI,
    841              .uIOMnum             = 5,
    842              .uNCE                = 0,
    843              .eCEpol              = AM_HAL_GPIO_PIN_CEPOL_ACTIVELOW
    844          };
    845          
    846          //*****************************************************************************
    847          //
    848          //  IOM5_MISO pin: I/O Master 5 SPI MISO signal.
    849          //
    850          //*****************************************************************************
    851          const am_hal_gpio_pincfg_t g_AM_BSP_GPIO_IOM5_MISO =
    852          {
    853              .uFuncSel            = AM_HAL_PIN_49_M5MISO,
    854              .uIOMnum             = 5
    855          };
    856          
    857          //*****************************************************************************
    858          //
    859          //  IOM5_MOSI pin: I/O Master 5 SPI MOSI signal.
    860          //
    861          //*****************************************************************************
    862          const am_hal_gpio_pincfg_t g_AM_BSP_GPIO_IOM5_MOSI =
    863          {
    864              .uFuncSel            = AM_HAL_PIN_47_M5MOSI,
    865              .eDriveStrength      = AM_HAL_GPIO_PIN_DRIVESTRENGTH_12MA,
    866              .uIOMnum             = 5
    867          };
    868          
    869          //*****************************************************************************
    870          //
    871          //  IOM5_SCK pin: I/O Master 5 SPI SCK signal.
    872          //
    873          //*****************************************************************************
    874          const am_hal_gpio_pincfg_t g_AM_BSP_GPIO_IOM5_SCK =
    875          {
    876              .uFuncSel            = AM_HAL_PIN_48_M5SCK,
    877              .eDriveStrength      = AM_HAL_GPIO_PIN_DRIVESTRENGTH_12MA,
    878              .uIOMnum             = 5
    879          };
    880          
    881          //*****************************************************************************
    882          //
    883          //  IOM5_SCL pin: I/O Master 5 I2C clock signal.
    884          //
    885          //*****************************************************************************
    886          const am_hal_gpio_pincfg_t g_AM_BSP_GPIO_IOM5_SCL =
    887          {
    888              .uFuncSel            = AM_HAL_PIN_48_M5SCL,
    889              .ePullup             = AM_HAL_GPIO_PIN_PULLUP_1_5K,
    890              .eDriveStrength      = AM_HAL_GPIO_PIN_DRIVESTRENGTH_12MA,
    891              .eGPOutcfg           = AM_HAL_GPIO_PIN_OUTCFG_OPENDRAIN,
    892              .uIOMnum             = 5
    893          };
    894          
    895          //*****************************************************************************
    896          //
    897          //  IOM5_SDA pin: I/O Master 5 I2C data signal.
    898          //
    899          //*****************************************************************************
    900          const am_hal_gpio_pincfg_t g_AM_BSP_GPIO_IOM5_SDA =
    901          {
    902              .uFuncSel            = AM_HAL_PIN_49_M5SDAWIR3,
    903              .ePullup             = AM_HAL_GPIO_PIN_PULLUP_1_5K,
    904              .eDriveStrength      = AM_HAL_GPIO_PIN_DRIVESTRENGTH_12MA,
    905              .eGPOutcfg           = AM_HAL_GPIO_PIN_OUTCFG_OPENDRAIN,
    906              .uIOMnum             = 5
    907          };
    908          
    909          //*****************************************************************************
    910          //
    911          //  MSPI_CE0 pin: MSPI chip select.
    912          //
    913          //*****************************************************************************
    914          const am_hal_gpio_pincfg_t g_AM_BSP_GPIO_MSPI_CE0 =
    915          {
    916          //    .uFuncSel            = AM_HAL_PIN_19_NCE19,
    917              .eDriveStrength      = AM_HAL_GPIO_PIN_DRIVESTRENGTH_12MA,
    918              .eGPOutcfg           = AM_HAL_GPIO_PIN_OUTCFG_PUSHPULL,
    919              .eGPInput            = AM_HAL_GPIO_PIN_INPUT_NONE,
    920              .eIntDir             = AM_HAL_GPIO_PIN_INTDIR_LO2HI,
    921              .uIOMnum             = 6,
    922              .uNCE                = 0,
    923              .eCEpol              = AM_HAL_GPIO_PIN_CEPOL_ACTIVELOW
    924          };
    925          
    926          //*****************************************************************************
    927          //
    928          //  MSPI_CE1 pin: MSPI chip select.
    929          //
    930          //*****************************************************************************
    931          const am_hal_gpio_pincfg_t g_AM_BSP_GPIO_MSPI_CE1 =
    932          {
    933              .uFuncSel            = AM_HAL_PIN_41_NCE41,
    934              .eDriveStrength      = AM_HAL_GPIO_PIN_DRIVESTRENGTH_12MA,
    935              .eGPOutcfg           = AM_HAL_GPIO_PIN_OUTCFG_PUSHPULL,
    936              .eGPInput            = AM_HAL_GPIO_PIN_INPUT_NONE,
    937              .eIntDir             = AM_HAL_GPIO_PIN_INTDIR_LO2HI,
    938              .uIOMnum             = 6,
    939              .uNCE                = 1,
    940              .eCEpol              = AM_HAL_GPIO_PIN_CEPOL_ACTIVELOW
    941          };
    942          
    943          //*****************************************************************************
    944          //
    945          //  MSPI_D0 pin: MSPI data 0.
    946          //
    947          //*****************************************************************************
    948          const am_hal_gpio_pincfg_t g_AM_BSP_GPIO_MSPI_D0 =
    949          {
    950              .uFuncSel            = AM_HAL_PIN_22_MSPI0,
    951              .eDriveStrength      = AM_HAL_GPIO_PIN_DRIVESTRENGTH_8MA,
    952              .eIntDir             = AM_HAL_GPIO_PIN_INTDIR_LO2HI,
    953              .uIOMnum             = 6
    954          };
    955          
    956          //*****************************************************************************
    957          //
    958          //  MSPI_D1 pin: MSPI data 1.
    959          //
    960          //*****************************************************************************
    961          const am_hal_gpio_pincfg_t g_AM_BSP_GPIO_MSPI_D1 =
    962          {
    963              .uFuncSel            = AM_HAL_PIN_26_MSPI1,
    964              .eDriveStrength      = AM_HAL_GPIO_PIN_DRIVESTRENGTH_8MA,
    965              .eIntDir             = AM_HAL_GPIO_PIN_INTDIR_LO2HI,
    966              .uIOMnum             = 6
    967          };
    968          
    969          //*****************************************************************************
    970          //
    971          //  MSPI_D2 pin: MSPI data 2.
    972          //
    973          //*****************************************************************************
    974          const am_hal_gpio_pincfg_t g_AM_BSP_GPIO_MSPI_D2 =
    975          {
    976              .uFuncSel            = AM_HAL_PIN_4_MSPI2,
    977              .eDriveStrength      = AM_HAL_GPIO_PIN_DRIVESTRENGTH_8MA,
    978              .eIntDir             = AM_HAL_GPIO_PIN_INTDIR_LO2HI,
    979              .uIOMnum             = 6
    980          };
    981          
    982          //*****************************************************************************
    983          //
    984          //  MSPI_D3 pin: MSPI data 3.
    985          //
    986          //*****************************************************************************
    987          const am_hal_gpio_pincfg_t g_AM_BSP_GPIO_MSPI_D3 =
    988          {
    989          //    .uFuncSel            = AM_HAL_PIN_23_MSPI3,
    990              .eDriveStrength      = AM_HAL_GPIO_PIN_DRIVESTRENGTH_8MA,
    991              .eIntDir             = AM_HAL_GPIO_PIN_INTDIR_LO2HI,
    992              .uIOMnum             = 6
    993          };
    994          
    995          //*****************************************************************************
    996          //
    997          //  MSPI_D4 pin: MSPI data 4.
    998          //
    999          //*****************************************************************************
   1000          const am_hal_gpio_pincfg_t g_AM_BSP_GPIO_MSPI_D4 =
   1001          {
   1002              .uFuncSel            = AM_HAL_PIN_0_MSPI4,
   1003              .eDriveStrength      = AM_HAL_GPIO_PIN_DRIVESTRENGTH_8MA,
   1004              .eIntDir             = AM_HAL_GPIO_PIN_INTDIR_LO2HI,
   1005              .uIOMnum             = 6
   1006          };
   1007          
   1008          //*****************************************************************************
   1009          //
   1010          //  MSPI_D5 pin: MSPI data 5.
   1011          //
   1012          //*****************************************************************************
   1013          const am_hal_gpio_pincfg_t g_AM_BSP_GPIO_MSPI_D5 =
   1014          {
   1015              .uFuncSel            = AM_HAL_PIN_1_MSPI5,
   1016              .eDriveStrength      = AM_HAL_GPIO_PIN_DRIVESTRENGTH_8MA,
   1017              .eIntDir             = AM_HAL_GPIO_PIN_INTDIR_LO2HI,
   1018              .uIOMnum             = 6
   1019          };
   1020          
   1021          //*****************************************************************************
   1022          //
   1023          //  MSPI_D6 pin: MSPI data 6.
   1024          //
   1025          //*****************************************************************************
   1026          const am_hal_gpio_pincfg_t g_AM_BSP_GPIO_MSPI_D6 =
   1027          {
   1028              .uFuncSel            = AM_HAL_PIN_2_MSPI6,
   1029              .eDriveStrength      = AM_HAL_GPIO_PIN_DRIVESTRENGTH_8MA,
   1030              .eIntDir             = AM_HAL_GPIO_PIN_INTDIR_LO2HI,
   1031              .uIOMnum             = 6
   1032          };
   1033          
   1034          //*****************************************************************************
   1035          //
   1036          //  MSPI_D7 pin: MSPI data 7.
   1037          //
   1038          //*****************************************************************************
   1039          const am_hal_gpio_pincfg_t g_AM_BSP_GPIO_MSPI_D7 =
   1040          {
   1041              .uFuncSel            = AM_HAL_PIN_3_MSPI7,
   1042              .eDriveStrength      = AM_HAL_GPIO_PIN_DRIVESTRENGTH_8MA,
   1043              .eIntDir             = AM_HAL_GPIO_PIN_INTDIR_LO2HI,
   1044              .uIOMnum             = 6
   1045          };
   1046          
   1047          //*****************************************************************************
   1048          //
   1049          //  MSPI_SCK pin: MSPI clock.
   1050          //
   1051          //*****************************************************************************
   1052          const am_hal_gpio_pincfg_t g_AM_BSP_GPIO_MSPI_SCK =
   1053          {
   1054              .uFuncSel            = AM_HAL_PIN_24_MSPI8,
   1055              .eDriveStrength      = AM_HAL_GPIO_PIN_DRIVESTRENGTH_12MA,
   1056              .eIntDir             = AM_HAL_GPIO_PIN_INTDIR_LO2HI,
   1057              .uIOMnum             = 6
   1058          };
   1059          
   1060          //*****************************************************************************
   1061          //
   1062          //  IOS_CE pin: I/O Slave chip select.
   1063          //
   1064          //*****************************************************************************
   1065          const am_hal_gpio_pincfg_t g_AM_BSP_GPIO_IOS_CE =
   1066          {
   1067              .uFuncSel            = AM_HAL_PIN_3_SLnCE,
   1068              .eGPInput            = AM_HAL_GPIO_PIN_INPUT_ENABLE,
   1069              .uNCE                = 0,
   1070              .eCEpol              = AM_HAL_GPIO_PIN_CEPOL_ACTIVELOW
   1071          };
   1072          
   1073          //*****************************************************************************
   1074          //
   1075          //  IOS_MISO pin: I/O Slave SPI MISO signal.
   1076          //
   1077          //*****************************************************************************
   1078          const am_hal_gpio_pincfg_t g_AM_BSP_GPIO_IOS_MISO =
   1079          {
   1080              .uFuncSel            = AM_HAL_PIN_2_SLMISO,
   1081              .eDriveStrength      = AM_HAL_GPIO_PIN_DRIVESTRENGTH_12MA
   1082          };
   1083          
   1084          //*****************************************************************************
   1085          //
   1086          //  IOS_MOSI pin: I/O Slave SPI MOSI signal.
   1087          //
   1088          //*****************************************************************************
   1089          const am_hal_gpio_pincfg_t g_AM_BSP_GPIO_IOS_MOSI =
   1090          {
   1091              .uFuncSel            = AM_HAL_PIN_1_SLMOSI,
   1092              .eGPInput            = AM_HAL_GPIO_PIN_INPUT_ENABLE
   1093          };
   1094          
   1095          //*****************************************************************************
   1096          //
   1097          //  IOS_SCK pin: I/O Slave SPI SCK signal.
   1098          //
   1099          //*****************************************************************************
   1100          const am_hal_gpio_pincfg_t g_AM_BSP_GPIO_IOS_SCK =
   1101          {
   1102              .uFuncSel            = AM_HAL_PIN_0_SLSCK,
   1103              .eGPInput            = AM_HAL_GPIO_PIN_INPUT_ENABLE
   1104          };
   1105          
   1106          //*****************************************************************************
   1107          //
   1108          //  IOS_SCL pin: I/O Slave I2C clock signal.
   1109          //
   1110          //*****************************************************************************
   1111          const am_hal_gpio_pincfg_t g_AM_BSP_GPIO_IOS_SCL =
   1112          {
   1113              .uFuncSel            = AM_HAL_PIN_0_SLSCL,
   1114              .eGPInput            = AM_HAL_GPIO_PIN_INPUT_ENABLE
   1115          };
   1116          
   1117          //*****************************************************************************
   1118          //
   1119          //  IOS_SDA pin: I/O Slave I2C data signal.
   1120          //
   1121          //*****************************************************************************
   1122          const am_hal_gpio_pincfg_t g_AM_BSP_GPIO_IOS_SDA =
   1123          {
   1124              .uFuncSel            = AM_HAL_PIN_1_SLSDAWIR3,
   1125              .ePullup             = AM_HAL_GPIO_PIN_PULLUP_1_5K,
   1126              .eGPOutcfg           = AM_HAL_GPIO_PIN_OUTCFG_OPENDRAIN
   1127          };
   1128          
   1129          //*****************************************************************************
   1130          //
   1131          //  SWDCK pin: Cortex Serial Wire DCK.
   1132          //
   1133          //*****************************************************************************
   1134          const am_hal_gpio_pincfg_t g_AM_BSP_GPIO_SWDCK =
   1135          {
   1136              .uFuncSel            = AM_HAL_PIN_20_SWDCK
   1137          };
   1138          
   1139          //*****************************************************************************
   1140          //
   1141          //  SWDIO pin: Cortex Serial Wire DIO.
   1142          //
   1143          //*****************************************************************************
   1144          const am_hal_gpio_pincfg_t g_AM_BSP_GPIO_SWDIO =
   1145          {
   1146              .uFuncSel            = AM_HAL_PIN_21_SWDIO
   1147          };
   1148          
   1149          //*****************************************************************************
   1150          //
   1151          // End Doxygen group.
   1152          //! @}
   1153          //
   1154          //*****************************************************************************


   Section sizes:

   Bytes  Function/Label
   -----  --------------
       4  g_AM_BSP_GPIO_ACCEL_INT
       4  g_AM_BSP_GPIO_BUS_VOLTAGE
       4  g_AM_BSP_GPIO_BUS_VOLT_ENABLE
       4  g_AM_BSP_GPIO_COM0_POWER_PIN
       4  g_AM_BSP_GPIO_COM1_POWER_PIN
       4  g_AM_BSP_GPIO_COM2_POWER_PIN
       4  g_AM_BSP_GPIO_COM3_POWER_PIN
       4  g_AM_BSP_GPIO_CONSOLE_UART_RX
       4  g_AM_BSP_GPIO_CONSOLE_UART_TX
       4  g_AM_BSP_GPIO_GPS_EXTINT
       4  g_AM_BSP_GPIO_GPS_ON
       4  g_AM_BSP_GPIO_IOM0_CS
       4  g_AM_BSP_GPIO_IOM0_CS3
       4  g_AM_BSP_GPIO_IOM0_MISO
       4  g_AM_BSP_GPIO_IOM0_MOSI
       4  g_AM_BSP_GPIO_IOM0_SCK
       4  g_AM_BSP_GPIO_IOM0_SCL
       4  g_AM_BSP_GPIO_IOM0_SDA
       4  g_AM_BSP_GPIO_IOM1_CS
       4  g_AM_BSP_GPIO_IOM1_MISO
       4  g_AM_BSP_GPIO_IOM1_MOSI
       4  g_AM_BSP_GPIO_IOM1_SCK
       4  g_AM_BSP_GPIO_IOM1_SCL
       4  g_AM_BSP_GPIO_IOM1_SDA
       4  g_AM_BSP_GPIO_IOM2_CS
       4  g_AM_BSP_GPIO_IOM2_MISO
       4  g_AM_BSP_GPIO_IOM2_MOSI
       4  g_AM_BSP_GPIO_IOM2_SCK
       4  g_AM_BSP_GPIO_IOM2_SCL
       4  g_AM_BSP_GPIO_IOM2_SDA
       4  g_AM_BSP_GPIO_IOM3_CS
       4  g_AM_BSP_GPIO_IOM3_MISO
       4  g_AM_BSP_GPIO_IOM3_MOSI
       4  g_AM_BSP_GPIO_IOM3_SCK
       4  g_AM_BSP_GPIO_IOM3_SCL
       4  g_AM_BSP_GPIO_IOM3_SDA
       4  g_AM_BSP_GPIO_IOM4_CS
       4  g_AM_BSP_GPIO_IOM4_MISO
       4  g_AM_BSP_GPIO_IOM4_MOSI
       4  g_AM_BSP_GPIO_IOM4_SCK
       4  g_AM_BSP_GPIO_IOM4_SCL
       4  g_AM_BSP_GPIO_IOM4_SDA
       4  g_AM_BSP_GPIO_IOM5_CS
       4  g_AM_BSP_GPIO_IOM5_MISO
       4  g_AM_BSP_GPIO_IOM5_MOSI
       4  g_AM_BSP_GPIO_IOM5_SCK
       4  g_AM_BSP_GPIO_IOM5_SCL
       4  g_AM_BSP_GPIO_IOM5_SDA
       4  g_AM_BSP_GPIO_IOS_CE
       4  g_AM_BSP_GPIO_IOS_MISO
       4  g_AM_BSP_GPIO_IOS_MOSI
       4  g_AM_BSP_GPIO_IOS_SCK
       4  g_AM_BSP_GPIO_IOS_SCL
       4  g_AM_BSP_GPIO_IOS_SDA
       4  g_AM_BSP_GPIO_IRIDIUM_NET_AVAIL
       4  g_AM_BSP_GPIO_IRIDIUM_ON
       4  g_AM_BSP_GPIO_IRIDIUM_RING_IND
       4  g_AM_BSP_GPIO_IRIDIUM_UART_RX
       4  g_AM_BSP_GPIO_IRIDIUM_UART_TX
       4  g_AM_BSP_GPIO_LED_BLUE
       4  g_AM_BSP_GPIO_LED_GREEN
       4  g_AM_BSP_GPIO_LED_RED
       4  g_AM_BSP_GPIO_MSPI_CE0
       4  g_AM_BSP_GPIO_MSPI_CE1
       4  g_AM_BSP_GPIO_MSPI_D0
       4  g_AM_BSP_GPIO_MSPI_D1
       4  g_AM_BSP_GPIO_MSPI_D2
       4  g_AM_BSP_GPIO_MSPI_D3
       4  g_AM_BSP_GPIO_MSPI_D4
       4  g_AM_BSP_GPIO_MSPI_D5
       4  g_AM_BSP_GPIO_MSPI_D6
       4  g_AM_BSP_GPIO_MSPI_D7
       4  g_AM_BSP_GPIO_MSPI_SCK
       4  g_AM_BSP_GPIO_PRES_ON
       4  g_AM_BSP_GPIO_PWR_CTRL_EN
       4  g_AM_BSP_GPIO_S2U_NIRQ
       4  g_AM_BSP_GPIO_S2U_NRESET
       4  g_AM_BSP_GPIO_S2U_ON
       4  g_AM_BSP_GPIO_SC_NSHDN
       4  g_AM_BSP_GPIO_SC_ON
       4  g_AM_BSP_GPIO_SC_PGOOD
       4  g_AM_BSP_GPIO_SWDCK
       4  g_AM_BSP_GPIO_SWDIO

 
 332 bytes in section .rodata
 
 332 bytes of CONST memory

Errors: none
Warnings: none
